make.exe all --print-data-base --no-builtin-variables --no-builtin-rules --question
# GNU Make 4.3
# Built for Windows32
# Copyright (C) 1988-2020 Free Software Foundation, Inc.
# License GPLv3+: GNU GPL version 3 or later <http://gnu.org/licenses/gpl.html>
# This is free software: you are free to change and redistribute it.
# There is NO WARRANTY, to the extent permitted by law.
 

# Make data base, printed on Wed Jun 29 21:43:19 2022

# Variables

# environment
FPS_BROWSER_APP_PROFILE_STRING = Internet Explorer
# environment
SYSTEMDRIVE = C:
# environment
LC_ALL = C
# environment
VBOX_HWVIRTEX_IGNORE_SVM_IN_USE = 1
# makefile (from 'Makefile', line 9)
SRC := src/hash.c src/main.c
# environment
USERPROFILE = C:\Users\Gabriel
# environment
VBOX_MSI_INSTALL_PATH = D:\Virtual Box\
# environment
LOCALAPPDATA = C:\Users\Gabriel\AppData\Local
# environment
VSCODE_IPC_HOOK_EXTHOST = \\.\pipe\vscode-ipc-cc3ab867-ed5d-41a9-9bd4-cd1b2e41d541-sock
# environment
VSCODE_CWD = C:\Users\Gabriel\AppData\Local\Programs\Microsoft VS Code
# environment
CHOCOLATEYINSTALL = C:\ProgramData\chocolatey
# environment
SYSTEMROOT = C:\WINDOWS
# environment
PROCESSOR_LEVEL = 23
# environment
PSMODULEPATH = C:\Program Files\WindowsPowerShell\Modules;C:\WINDOWS\system32\WindowsPowerShell\v1.0\Modules
# default
MAKE_COMMAND := C:/ProgramData/chocolatey/lib/make/tools/install/bin/make.exe
# automatic
@D = $(patsubst %/,%,$(patsubst %\,%,$(dir $@)))
# makefile (from 'Makefile', line 5)
OBJ_DIR := ./build/objects
# environment
CHROME_CRASHPAD_PIPE_NAME = \\.\pipe\crashpad_12020_AZUBDNDMTIUGQYJK
# environment
FPS_BROWSER_USER_PROFILE_STRING = Default
# environment
VSCODE_HANDLES_UNCAUGHT_ERRORS = true
# default
.VARIABLES := 
# automatic
%D = $(patsubst %/,%,$(patsubst %\,%,$(dir $%)))
# automatic
^D = $(patsubst %/,%,$(patsubst %\,%,$(dir $^)))
# environment
VSCODE_LOG_STACK = false
# automatic
%F = $(notdir $%)
# environment
VSCODE_CODE_CACHE_PATH = C:\Users\Gabriel\AppData\Roaming\Code\CachedData\30d9c6cd9483b2cc586687151bcbcd635f373630
# environment
LANG = C
# default
.LOADED := 
# environment
TMP = C:\Users\Gabriel\AppData\Local\Temp
# default
.INCLUDE_DIRS = .
# environment
PROCESSOR_ARCHITEW6432 = AMD64
# makefile
MAKEFLAGS = pqrR
# environment
ONEDRIVE = C:\Users\Gabriel\OneDrive
# makefile
CURDIR := d:/Downloads/Hash-Dupla-Fechada
# environment
VSCODE_PIPE_LOGGING = true
# environment
APPLICATION_INSIGHTS_NO_DIAGNOSTIC_CHANNEL = 1
# automatic
*D = $(patsubst %/,%,$(patsubst %\,%,$(dir $*)))
# environment
PROGRAMFILES = C:\Program Files (x86)
# environment
MFLAGS = -pqrR
# default
.SHELLFLAGS := -c
# environment
COMMONPROGRAMW6432 = C:\Program Files\Common Files
# automatic
+D = $(patsubst %/,%,$(patsubst %\,%,$(dir $+)))
# makefile (from 'Makefile', line 1)
MAKEFILE_LIST := Makefile
# automatic
@F = $(notdir $@)
# environment
VSCODE_VERBOSE_LOGGING = true
# environment
VSCODE_PID = 12020
# automatic
?D = $(patsubst %/,%,$(patsubst %\,%,$(dir $?)))
# automatic
*F = $(notdir $*)
# automatic
<D = $(patsubst %/,%,$(patsubst %\,%,$(dir $<)))
# environment
VSCODE_NLS_CONFIG = {"locale":"pt-br","availableLanguages":{"*":"pt-br"},"_languagePackId":"195456cb6bc5e7dd989215cd334fb359.pt-br","_translationsConfigFile":"C:\\Users\\Gabriel\\AppData\\Roaming\\Code\\clp\\195456cb6bc5e7dd989215cd334fb359.pt-br\\tcf.json","_cacheRoot":"C:\\Users\\Gabriel\\AppData\\Roaming\\Code\\clp\\195456cb6bc5e7dd989215cd334fb359.pt-br","_resolvedLanguagePackCoreLocation":"C:\\Users\\Gabriel\\AppData\\Roaming\\Code\\clp\\195456cb6bc5e7dd989215cd334fb359.pt-br\\30d9c6cd9483b2cc586687151bcbcd635f373630","_corruptedFile":"C:\\Users\\Gabriel\\AppData\\Roaming\\Code\\clp\\195456cb6bc5e7dd989215cd334fb359.pt-br\\corrupted.info","_languagePackSupport":true}
# makefile (from 'Makefile', line 8)
INCLUDE := -Iinclude/
# environment
ONEDRIVECONSUMER = C:\Users\Gabriel\OneDrive
# default
MAKE_HOST := Windows32
# environment
PROGRAMDATA = C:\ProgramData
# default
SHELL := sh.exe
# environment
HOMEPATH = \Users\Gabriel
# default
MAKECMDGOALS := all
# environment
DRIVERDATA = C:\Windows\System32\Drivers\DriverData
# environment
COMSPEC = C:\WINDOWS\system32\cmd.exe
# environment
WINDIR = C:\WINDOWS
# environment
MAKELEVEL := 0
# default
MAKE = $(MAKE_COMMAND)
# environment
PATH = C:\Python310\Scripts\;C:\Python310\;C:\Program Files (x86)\NVIDIA Corporation\PhysX\Common;C:\Program Files (x86)\Common Files\Oracle\Java\javapath;C:\WINDOWS\system32;C:\WINDOWS;C:\WINDOWS\System32\Wbem;C:\WINDOWS\System32\WindowsPowerShell\v1.0\;C:\WINDOWS\System32\OpenSSH\;D:\;C:\ProgramData\chocolatey\bin;C:\Program Files\Git\cmd;C:\MinGW\bin;C:\Users\Gabriel\AppData\Local\Microsoft\WindowsApps;C:\Users\Gabriel\AppData\Local\Programs\Microsoft VS Code\bin;C:\flutter\bin;C:\Program Files\MariaDB 10.6\bin;C:\Users\Gabriel\AppData\Roaming\npm;C:\MinGW\bin;
# environment
COMPUTERNAME = DESKTOP-44K7MD3
# default
MAKEFILES := 
# automatic
^F = $(notdir $^)
# environment
PROMPT = $P$G
# environment
CHOCOLATEYLASTPATHUPDATE = 132971194246842046
# environment
LOGONSERVER = \\DESKTOP-44K7MD3
# environment
VSCODE_LOG_NATIVE = false
# environment
USERNAME = Gabriel
# environment
COMMONPROGRAMFILES = C:\Program Files (x86)\Common Files
# automatic
?F = $(notdir $?)
# environment
PROGRAMW6432 = C:\Program Files
# environment
PATHEXT = .COM;.EXE;.BAT;.CMD;.VBS;.VBE;.JS;.JSE;.WSF;.WSH;.MSC;.PY;.PYW
# automatic
+F = $(notdir $+)
# environment
ORIGINAL_XDG_CURRENT_DESKTOP = undefined
# makefile (from 'Makefile', line 11)
OBJECTS := src/hash.c src/main.c
# environment
USERDOMAIN = DESKTOP-44K7MD3
# 'override' directive
GNUMAKEFLAGS := 
# environment
OS = Windows_NT
# makefile
.DEFAULT_GOAL := all
# default
MAKE_VERSION := 4.3
# environment
PROGRAMFILES(X86) = C:\Program Files (x86)
# makefile (from 'Makefile', line 4)
BUILD := ./build
# makefile (from 'Makefile', line 3)
LDFLAGS := -lstdc++ -lm
# makefile (from 'Makefile', line 6)
APP_DIR := ./build/
# environment
USERDOMAIN_ROAMINGPROFILE = DESKTOP-44K7MD3
# environment
NUMBER_OF_PROCESSORS = 12
# environment
PUBLIC = C:\Users\Public
# environment
APPDATA = C:\Users\Gabriel\AppData\Roaming
# environment
HOMEDRIVE = C:
# environment
PROCESSOR_ARCHITECTURE = x86
# environment
VSCODE_AMD_ENTRYPOINT = vs/workbench/api/node/extensionHostProcess
# environment
COMMONPROGRAMFILES(X86) = C:\Program Files (x86)\Common Files
# environment
ELECTRON_RUN_AS_NODE = 1
# environment
TEMP = C:\Users\Gabriel\AppData\Local\Temp
# environment
VSCODE_IPC_HOOK = \\.\pipe\43805cf299c5233db7b02a0a6826ad63-1.68.1-main-sock
# default
.RECIPEPREFIX := 
# automatic
<F = $(notdir $<)
# default
SUFFIXES := 
# environment
ALLUSERSPROFILE = C:\ProgramData
# makefile (from 'Makefile', line 7)
TARGET := app
# environment
SESSIONNAME = Console
# default
.FEATURES := target-specific order-only second-expansion else-if shortest-stem undefine oneshell nocomment grouped-target extra-prereqs archives jobserver output-sync load
# environment
PROCESSOR_REVISION = 0802
# makefile (from 'Makefile', line 1)
CXX := -gcc
# environment
PROCESSOR_IDENTIFIER = AMD64 Family 23 Model 8 Stepping 2, AuthenticAMD
# variable set hash-table stats:
# Load=108/1024=11%, Rehash=0, Collisions=18/152=12%

# Pattern-specific Variable Values

# No pattern-specific variable values.

# Directories

# src (key d:/Downloads/Hash-Dupla-Fechada/src, mtime 1656548223): 5 files, no impossibilities.
# . (key d:/Downloads/Hash-Dupla-Fechada, mtime 1656548223): 9 files, no impossibilities.

# 14 files, no impossibilities in 2 directories.

# Im 
plicit Rules

build/objects/%.o: %.cpp
#  recipe to execute (from 'Makefile', line 16):
	@mkdir -p $(@D)
	$(CXX) $(CXXFLAGS) $(INCLUDE) -o $@ -c $<

# 1 implicit rules, 0 (0.0%) terminal.
# Files

build//app: src/hash.c src/main.c
#  Implicit rule search has not been done.
#  Modification time never checked.
#  File has not been updated.
#  recipe to execute (from 'Makefile', line 20):
	@mkdir -p $(@D)
	$(CXX) $(CXXFLAGS) $(INCLUDE) $(LDFLAGS) -o $(APP_DIR)/$(TARGET) $(OBJECTS)

# makefile (from 'Makefile', line 29)
debug: CXXFLAGS += -DDEBUG -g
debug: all
#  Phony target (prerequisite of .PHONY).
#  Implicit rule search has not been done.
#  File does not exist.
#  File has not been updated.
# variable set hash-table stats:
# Load=1/32=3%, Rehash=0, Collisions=0/3=0%

# Not a target:
Makefile:
#  Implicit rule search has been done.
#  Last modified 2022-06-29 21:42:51
#  File has been updated.
#  Successfully updated.

clean:
#  Phony target (prerequisite of .PHONY).
#  Implicit rule search has not been done.
#  File does not exist.
#  File has not been updated.
#  recipe to execute (from 'Makefile', line 36):
	-@rm -rvf $(OBJ_DIR)/*
	-@rm -rvf $(APP_DIR)/*

# Not a target:
src/main.c:
#  Implicit rule search has not been done.
#  Modification time never checked.
#  File has not been updated.

# Not a target:
.DEFAULT:
#  Implicit rule search has not been done.
#  Modification time never checked.
#  File has not been updated.

all: build build//app
#  Phony target (prerequisite of .PHONY).
#  Command line target.
#  Implicit rule search has not been done.
#  File does not exist.
#  File has been updated.
#  Needs to be updated (-q is set).
# variable set hash-table stats:
# Load=0/32=0%, Rehash=0, Collisions=0/5=0%

run:
#  Phony target (prerequisite of .PHONY).
#  Implicit rule search has not been done.
#  File does not exist.
#  File has not been updated.
#  recipe to execute (from 'Makefile', line 40):
	./$(BUILD)/$(TARGET)

build:
#  Phony target (prerequisite of .PHONY).
#  Implicit rule search has not been done.
#  Implicit/static pattern stem: ''
#  File does not exist.
#  File has been updated.
#  Needs to be updated (-q is set).
# automatic
# @ := build
# automatic
# * := 
# automatic
# < := 
# automatic
# + := 
# automatic
# % := 
# automatic
# ^ := 
# automatic
# ? := 
# automatic
# | := 
# variable set hash-table stats:
# Load=8/32=25%, Rehash=0, Collisions=2/13=15%
#  recipe to execute (from 'Makefile', line 26):
	@mkdir -p $(APP_DIR)
	@mkdir -p $(OBJ_DIR)

# Not a target:
src/hash.c:
#  Implicit rule search has not been done.
#  Modification time never checked.
#  File has not been updated.

# makefile (from 'Makefile', line 32)
release: CXXFLAGS += -O3
release: all
#  Phony target (prerequisite of .PHONY).
#  Implicit rule search has not been done.
#  File does not exist.
#  File has not been updated.
# variable set hash-table stats:
# Load=1/32=3%, Rehash=0, Collisions=0/3=0%

# Not a target:
.SUFFIXES:
#  Implicit rule search has not been done.
#  Modification time never checked.
#  File has not been updated.

.PHONY: all build clean debug release run
#  Implicit rule search has not been done.
#  Modification time never checked.
#  File has not been updated.

# files hash-table stats:
# Load=13/1024=1%, Rehash=0, Collisions=0/45=0%
# VPATH Search Paths

# No 'vpath' search paths.

# No general ('VPATH' variable) search path.

# strcache buffers: 1 (0) / strings = 25 / storage = 187 B / avg = 7 B
# current buf: size = 8174 B / used = 187 B / count = 25 / avg = 7 B

# strcache performance: lookups = 55 / hit rate = 54%
# hash-table stats:
# Load=25/8192=0%, Rehash=0, Collisions=0/55=0%
# Finished Make data base on Wed Jun 29 21:43:19 2022

 
